{"/Users/jiazhenguo/Desktop/program/tdd/test/first.js": {"path":"/Users/jiazhenguo/Desktop/program/tdd/test/first.js","statementMap":{"0":{"start":{"line":1,"column":12},"end":{"line":3,"column":1}},"1":{"start":{"line":2,"column":4},"end":{"line":2,"column":14}},"2":{"start":{"line":5,"column":0},"end":{"line":5,"column":20}}},"fnMap":{"0":{"name":"(anonymous_0)","decl":{"start":{"line":1,"column":12},"end":{"line":1,"column":13}},"loc":{"start":{"line":1,"column":19},"end":{"line":3,"column":1}},"line":1}},"branchMap":{},"s":{"0":1,"1":4,"2":1},"f":{"0":4},"b":{},"_coverageSchema":"1a1c01bbd47fc00a2c39e90264f33305004495a9","hash":"e09601f65a9464f8d53c08f1e694c9439d3571ea"}
}
